
*** Running vivado
    with args -log vga.vds -m64 -product Vivado -mode batch -messageDb vivado.pb -notrace -source vga.tcl


****** Vivado v2017.4 (64-bit)
  **** SW Build 2086221 on Fri Dec 15 20:55:39 MST 2017
  **** IP Build 2085800 on Fri Dec 15 22:25:07 MST 2017
    ** Copyright 1986-2017 Xilinx, Inc. All Rights Reserved.

source vga.tcl -notrace
Command: synth_design -top vga -part xc7a100tfgg484-1
Starting synth_design
Attempting to get a license for feature 'Synthesis' and/or device 'xc7a100t'
INFO: [Common 17-349] Got license for feature 'Synthesis' and/or device 'xc7a100t'
INFO: Launching helper process for spawning children vivado processes
INFO: Helper process launched with PID 8860 
---------------------------------------------------------------------------------
Starting RTL Elaboration : Time (s): cpu = 00:00:05 ; elapsed = 00:00:05 . Memory (MB): peak = 342.254 ; gain = 100.945
---------------------------------------------------------------------------------
INFO: [Synth 8-638] synthesizing module 'vga' [E:/GitHub/2019fall_digital_design_project/VGA2.srcs/sources_1/new/vga.v:3]
INFO: [Synth 8-638] synthesizing module 'clkdiv' [E:/GitHub/2019fall_digital_design_project/VGA2.srcs/sources_1/new/clkdiv.v:25]
INFO: [Synth 8-638] synthesizing module 'clk_VGA' [E:/GitHub/2019fall_digital_design_project/VGA2.runs/synth_1/.Xil/Vivado-1548-DESKTOP-0SRL36N/realtime/clk_VGA_stub.v:5]
INFO: [Synth 8-256] done synthesizing module 'clk_VGA' (1#1) [E:/GitHub/2019fall_digital_design_project/VGA2.runs/synth_1/.Xil/Vivado-1548-DESKTOP-0SRL36N/realtime/clk_VGA_stub.v:5]
WARNING: [Synth 8-350] instance 'clk_25' of module 'clk_VGA' requires 4 connections, but only 3 given [E:/GitHub/2019fall_digital_design_project/VGA2.srcs/sources_1/new/clkdiv.v:30]
WARNING: [Synth 8-350] instance 'clk_35' of module 'clk_VGA' requires 4 connections, but only 3 given [E:/GitHub/2019fall_digital_design_project/VGA2.srcs/sources_1/new/clkdiv.v:31]
WARNING: [Synth 8-567] referenced signal 'out_clk2' should be on the sensitivity list [E:/GitHub/2019fall_digital_design_project/VGA2.srcs/sources_1/new/clkdiv.v:32]
WARNING: [Synth 8-567] referenced signal 'out_clk1' should be on the sensitivity list [E:/GitHub/2019fall_digital_design_project/VGA2.srcs/sources_1/new/clkdiv.v:32]
INFO: [Synth 8-256] done synthesizing module 'clkdiv' (2#1) [E:/GitHub/2019fall_digital_design_project/VGA2.srcs/sources_1/new/clkdiv.v:25]
INFO: [Synth 8-638] synthesizing module 'vgaSync' [E:/GitHub/2019fall_digital_design_project/VGA2.srcs/sources_1/new/vgaSync.v:3]
INFO: [Synth 8-256] done synthesizing module 'vgaSync' (3#1) [E:/GitHub/2019fall_digital_design_project/VGA2.srcs/sources_1/new/vgaSync.v:3]
INFO: [Synth 8-638] synthesizing module 'vgaRGB' [E:/GitHub/2019fall_digital_design_project/VGA2.srcs/sources_1/new/vgaRGB.v:3]
INFO: [Synth 8-638] synthesizing module 'blk_mem_gen_0' [E:/GitHub/2019fall_digital_design_project/VGA2.runs/synth_1/.Xil/Vivado-1548-DESKTOP-0SRL36N/realtime/blk_mem_gen_0_stub.v:6]
INFO: [Synth 8-256] done synthesizing module 'blk_mem_gen_0' (4#1) [E:/GitHub/2019fall_digital_design_project/VGA2.runs/synth_1/.Xil/Vivado-1548-DESKTOP-0SRL36N/realtime/blk_mem_gen_0_stub.v:6]
INFO: [Synth 8-256] done synthesizing module 'vgaRGB' (5#1) [E:/GitHub/2019fall_digital_design_project/VGA2.srcs/sources_1/new/vgaRGB.v:3]
INFO: [Synth 8-638] synthesizing module 'seg' [E:/GitHub/2019fall_digital_design_project/VGA2.srcs/sources_1/new/seg.v:3]
	Parameter period bound to: 200000 - type: integer 
INFO: [Synth 8-226] default block is never used [E:/GitHub/2019fall_digital_design_project/VGA2.srcs/sources_1/new/seg.v:41]
INFO: [Synth 8-226] default block is never used [E:/GitHub/2019fall_digital_design_project/VGA2.srcs/sources_1/new/seg.v:67]
INFO: [Synth 8-226] default block is never used [E:/GitHub/2019fall_digital_design_project/VGA2.srcs/sources_1/new/seg.v:70]
INFO: [Synth 8-226] default block is never used [E:/GitHub/2019fall_digital_design_project/VGA2.srcs/sources_1/new/seg.v:87]
INFO: [Synth 8-226] default block is never used [E:/GitHub/2019fall_digital_design_project/VGA2.srcs/sources_1/new/seg.v:104]
INFO: [Synth 8-226] default block is never used [E:/GitHub/2019fall_digital_design_project/VGA2.srcs/sources_1/new/seg.v:121]
WARNING: [Synth 8-567] referenced signal 'choice' should be on the sensitivity list [E:/GitHub/2019fall_digital_design_project/VGA2.srcs/sources_1/new/seg.v:65]
INFO: [Synth 8-256] done synthesizing module 'seg' (6#1) [E:/GitHub/2019fall_digital_design_project/VGA2.srcs/sources_1/new/seg.v:3]
INFO: [Synth 8-256] done synthesizing module 'vga' (7#1) [E:/GitHub/2019fall_digital_design_project/VGA2.srcs/sources_1/new/vga.v:3]
---------------------------------------------------------------------------------
Finished RTL Elaboration : Time (s): cpu = 00:00:06 ; elapsed = 00:00:06 . Memory (MB): peak = 394.652 ; gain = 153.344
---------------------------------------------------------------------------------

Report Check Netlist: 
+------+------------------+-------+---------+-------+------------------+
|      |Item              |Errors |Warnings |Status |Description       |
+------+------------------+-------+---------+-------+------------------+
|1     |multi_driven_nets |      0|        0|Passed |Multi driven nets |
+------+------------------+-------+---------+-------+------------------+
---------------------------------------------------------------------------------
Finished RTL Optimization Phase 1 : Time (s): cpu = 00:00:06 ; elapsed = 00:00:06 . Memory (MB): peak = 394.652 ; gain = 153.344
---------------------------------------------------------------------------------
INFO: [Device 21-403] Loading part xc7a100tfgg484-1
INFO: [Project 1-570] Preparing netlist for logic optimization

Processing XDC Constraints
Initializing timing engine
Parsing XDC File [E:/GitHub/2019fall_digital_design_project/VGA2.runs/synth_1/.Xil/Vivado-1548-DESKTOP-0SRL36N/dcp2/blk_mem_gen_0_in_context.xdc] for cell 'rgb/ROM0'
Finished Parsing XDC File [E:/GitHub/2019fall_digital_design_project/VGA2.runs/synth_1/.Xil/Vivado-1548-DESKTOP-0SRL36N/dcp2/blk_mem_gen_0_in_context.xdc] for cell 'rgb/ROM0'
Parsing XDC File [E:/GitHub/2019fall_digital_design_project/VGA2.runs/synth_1/.Xil/Vivado-1548-DESKTOP-0SRL36N/dcp3/clk_VGA_in_context.xdc] for cell 'clock/clk_25'
Finished Parsing XDC File [E:/GitHub/2019fall_digital_design_project/VGA2.runs/synth_1/.Xil/Vivado-1548-DESKTOP-0SRL36N/dcp3/clk_VGA_in_context.xdc] for cell 'clock/clk_25'
Parsing XDC File [E:/GitHub/2019fall_digital_design_project/VGA2.runs/synth_1/.Xil/Vivado-1548-DESKTOP-0SRL36N/dcp3/clk_VGA_in_context.xdc] for cell 'clock/clk_35'
WARNING: [Constraints 18-619] A clock with name 'clk' already exists, overwriting the previous clock with the same name. [E:/GitHub/2019fall_digital_design_project/VGA2.runs/synth_1/.Xil/Vivado-1548-DESKTOP-0SRL36N/dcp3/clk_VGA_in_context.xdc:1]
Finished Parsing XDC File [E:/GitHub/2019fall_digital_design_project/VGA2.runs/synth_1/.Xil/Vivado-1548-DESKTOP-0SRL36N/dcp3/clk_VGA_in_context.xdc] for cell 'clock/clk_35'
Parsing XDC File [E:/GitHub/2019fall_digital_design_project/VGA2.srcs/constrs_1/new/vga_con.xdc]
Finished Parsing XDC File [E:/GitHub/2019fall_digital_design_project/VGA2.srcs/constrs_1/new/vga_con.xdc]
INFO: [Project 1-236] Implementation specific constraints were found while reading constraint file [E:/GitHub/2019fall_digital_design_project/VGA2.srcs/constrs_1/new/vga_con.xdc]. These constraints will be ignored for synthesis but will be used in implementation. Impacted constraints are listed in the file [.Xil/vga_propImpl.xdc].
Resolution: To avoid this warning, move constraints listed in [.Xil/vga_propImpl.xdc] to another XDC file and exclude this new file from synthesis with the used_in_synthesis property (File Properties dialog in GUI) and re-run elaboration/synthesis.
Completed Processing XDC Constraints

INFO: [Project 1-111] Unisim Transformation Summary:
No Unisim elements were transformed.

Constraint Validation Runtime : Time (s): cpu = 00:00:00 ; elapsed = 00:00:00.004 . Memory (MB): peak = 749.930 ; gain = 0.000
---------------------------------------------------------------------------------
Finished Constraint Validation : Time (s): cpu = 00:00:17 ; elapsed = 00:00:18 . Memory (MB): peak = 749.930 ; gain = 508.621
---------------------------------------------------------------------------------
---------------------------------------------------------------------------------
Start Loading Part and Timing Information
---------------------------------------------------------------------------------
Loading part: xc7a100tfgg484-1
---------------------------------------------------------------------------------
Finished Loading Part and Timing Information : Time (s): cpu = 00:00:17 ; elapsed = 00:00:18 . Memory (MB): peak = 749.930 ; gain = 508.621
---------------------------------------------------------------------------------
---------------------------------------------------------------------------------
Start Applying 'set_property' XDC Constraints
---------------------------------------------------------------------------------
Applied set_property IO_BUFFER_TYPE = NONE for clk. (constraint file  E:/GitHub/2019fall_digital_design_project/VGA2.runs/synth_1/.Xil/Vivado-1548-DESKTOP-0SRL36N/dcp3/clk_VGA_in_context.xdc, line 4).
Applied set_property CLOCK_BUFFER_TYPE = NONE for clk. (constraint file  E:/GitHub/2019fall_digital_design_project/VGA2.runs/synth_1/.Xil/Vivado-1548-DESKTOP-0SRL36N/dcp3/clk_VGA_in_context.xdc, line 5).
Applied set_property DONT_TOUCH = true for clock/clk_25. (constraint file  auto generated constraint, line ).
Applied set_property DONT_TOUCH = true for clock/clk_35. (constraint file  auto generated constraint, line ).
Applied set_property DONT_TOUCH = true for rgb/ROM0. (constraint file  auto generated constraint, line ).
---------------------------------------------------------------------------------
Finished applying 'set_property' XDC Constraints : Time (s): cpu = 00:00:17 ; elapsed = 00:00:18 . Memory (MB): peak = 749.930 ; gain = 508.621
---------------------------------------------------------------------------------
INFO: [Synth 8-41] '_-' operator could not be merged with '+' operator due to loss of accuracy [E:/GitHub/2019fall_digital_design_project/VGA2.srcs/sources_1/new/vgaSync.v:132]
INFO: [Synth 8-41] '_-' operator could not be merged with '+' operator due to loss of accuracy [E:/GitHub/2019fall_digital_design_project/VGA2.srcs/sources_1/new/vgaSync.v:130]
INFO: [Synth 8-41] '_-' operator could not be merged with '+' operator due to loss of accuracy [E:/GitHub/2019fall_digital_design_project/VGA2.srcs/sources_1/new/vgaSync.v:132]
INFO: [Synth 8-41] '_-' operator could not be merged with '+' operator due to loss of accuracy [E:/GitHub/2019fall_digital_design_project/VGA2.srcs/sources_1/new/vgaSync.v:130]
INFO: [Synth 8-41] '_-' operator could not be merged with '+' operator due to loss of accuracy [E:/GitHub/2019fall_digital_design_project/VGA2.srcs/sources_1/new/vgaSync.v:130]
WARNING: [Synth 8-6014] Unused sequential element hc_reg was removed.  [E:/GitHub/2019fall_digital_design_project/VGA2.srcs/sources_1/new/vgaSync.v:81]
WARNING: [Synth 8-6014] Unused sequential element vc_reg was removed.  [E:/GitHub/2019fall_digital_design_project/VGA2.srcs/sources_1/new/vgaSync.v:108]
INFO: [Synth 8-5545] ROM "cnt" won't be mapped to RAM because address size (32) is larger than maximum supported(25)
INFO: [Synth 8-5545] ROM "clkout" won't be mapped to RAM because address size (32) is larger than maximum supported(25)
WARNING: [Synth 8-327] inferring latch for variable 'v_front_porch_reg' [E:/GitHub/2019fall_digital_design_project/VGA2.srcs/sources_1/new/vgaSync.v:40]
---------------------------------------------------------------------------------
Finished RTL Optimization Phase 2 : Time (s): cpu = 00:00:17 ; elapsed = 00:00:18 . Memory (MB): peak = 749.930 ; gain = 508.621
---------------------------------------------------------------------------------

Report RTL Partitions: 
+-+--------------+------------+----------+
| |RTL Partition |Replication |Instances |
+-+--------------+------------+----------+
+-+--------------+------------+----------+
---------------------------------------------------------------------------------
Start RTL Component Statistics 
---------------------------------------------------------------------------------
Detailed RTL Component Info : 
+---Adders : 
	   5 Input     32 Bit       Adders := 2     
	   2 Input     32 Bit       Adders := 1     
	   2 Input     18 Bit       Adders := 1     
	   5 Input     11 Bit       Adders := 1     
	   3 Input     11 Bit       Adders := 1     
	   2 Input     10 Bit       Adders := 2     
	   3 Input     10 Bit       Adders := 1     
	   2 Input      8 Bit       Adders := 1     
	   2 Input      7 Bit       Adders := 1     
	   2 Input      3 Bit       Adders := 1     
+---Registers : 
	               32 Bit    Registers := 1     
	               18 Bit    Registers := 1     
	               10 Bit    Registers := 2     
	                4 Bit    Registers := 3     
	                3 Bit    Registers := 1     
	                1 Bit    Registers := 2     
+---Muxes : 
	   2 Input     32 Bit        Muxes := 1     
	   4 Input     10 Bit        Muxes := 2     
	   4 Input      9 Bit        Muxes := 1     
	   4 Input      7 Bit        Muxes := 2     
	   8 Input      7 Bit        Muxes := 4     
	  11 Input      7 Bit        Muxes := 1     
	   4 Input      6 Bit        Muxes := 2     
	   2 Input      4 Bit        Muxes := 6     
	   2 Input      3 Bit        Muxes := 1     
	   4 Input      2 Bit        Muxes := 1     
	   2 Input      1 Bit        Muxes := 4     
	   4 Input      1 Bit        Muxes := 1     
---------------------------------------------------------------------------------
Finished RTL Component Statistics 
---------------------------------------------------------------------------------
---------------------------------------------------------------------------------
Start RTL Hierarchical Component Statistics 
---------------------------------------------------------------------------------
Hierarchical RTL Component report 
Module clkdiv 
Detailed RTL Component Info : 
+---Muxes : 
	   2 Input      1 Bit        Muxes := 1     
Module vgaSync 
Detailed RTL Component Info : 
+---Adders : 
	   5 Input     32 Bit       Adders := 2     
	   5 Input     11 Bit       Adders := 1     
	   3 Input     11 Bit       Adders := 1     
	   2 Input     10 Bit       Adders := 2     
	   3 Input     10 Bit       Adders := 1     
	   2 Input      8 Bit       Adders := 1     
	   2 Input      7 Bit       Adders := 1     
+---Registers : 
	               10 Bit    Registers := 2     
	                1 Bit    Registers := 1     
+---Muxes : 
	   4 Input     10 Bit        Muxes := 2     
	   4 Input      9 Bit        Muxes := 1     
	   4 Input      7 Bit        Muxes := 2     
	   4 Input      6 Bit        Muxes := 2     
	   4 Input      2 Bit        Muxes := 1     
	   2 Input      1 Bit        Muxes := 2     
	   4 Input      1 Bit        Muxes := 1     
Module vgaRGB 
Detailed RTL Component Info : 
+---Adders : 
	   2 Input     18 Bit       Adders := 1     
+---Registers : 
	               18 Bit    Registers := 1     
	                4 Bit    Registers := 3     
+---Muxes : 
	   2 Input      4 Bit        Muxes := 6     
Module seg 
Detailed RTL Component Info : 
+---Adders : 
	   2 Input     32 Bit       Adders := 1     
	   2 Input      3 Bit       Adders := 1     
+---Registers : 
	               32 Bit    Registers := 1     
	                3 Bit    Registers := 1     
	                1 Bit    Registers := 1     
+---Muxes : 
	   2 Input     32 Bit        Muxes := 1     
	   8 Input      7 Bit        Muxes := 4     
	  11 Input      7 Bit        Muxes := 1     
	   2 Input      3 Bit        Muxes := 1     
	   2 Input      1 Bit        Muxes := 1     
---------------------------------------------------------------------------------
Finished RTL Hierarchical Component Statistics
---------------------------------------------------------------------------------
---------------------------------------------------------------------------------
Start Part Resource Summary
---------------------------------------------------------------------------------
Part Resources:
DSPs: 240 (col length:80)
BRAMs: 270 (col length: RAMB18 80 RAMB36 40)
---------------------------------------------------------------------------------
Finished Part Resource Summary
---------------------------------------------------------------------------------
---------------------------------------------------------------------------------
Start Cross Boundary and Area Optimization
---------------------------------------------------------------------------------
INFO: [Synth 8-5545] ROM "seg/cnt" won't be mapped to RAM because address size (32) is larger than maximum supported(25)
INFO: [Synth 8-5545] ROM "seg/clkout" won't be mapped to RAM because address size (32) is larger than maximum supported(25)
WARNING: [Synth 8-6014] Unused sequential element syn/hc_reg was removed.  [E:/GitHub/2019fall_digital_design_project/VGA2.srcs/sources_1/new/vgaSync.v:81]
WARNING: [Synth 8-6014] Unused sequential element syn/vc_reg was removed.  [E:/GitHub/2019fall_digital_design_project/VGA2.srcs/sources_1/new/vgaSync.v:108]
DSP Report: Generating DSP rgb/addr2, operation Mode is: A*(B:0x180).
DSP Report: operator rgb/addr2 is absorbed into DSP rgb/addr2.
DSP Report: Generating DSP rgb/addr_reg, operation Mode is: PCIN+(A:0x0):B2+(C:0xffffffffff37).
DSP Report: register syn/hc_reg is absorbed into DSP rgb/addr_reg.
DSP Report: register rgb/addr_reg is absorbed into DSP rgb/addr_reg.
DSP Report: operator rgb/addr0 is absorbed into DSP rgb/addr_reg.
WARNING: [Synth 8-3917] design vga has port DIG[7] driven by constant 1
WARNING: [Synth 8-3917] design vga has port DIG[3] driven by constant 1
WARNING: [Synth 8-3917] design vga has port Y[7] driven by constant 1
INFO: [Synth 8-3886] merging instance 'syn/v_front_porch_reg[0]' (LD) to 'syn/v_front_porch_reg[5]'
INFO: [Synth 8-3886] merging instance 'syn/v_front_porch_reg[4]' (LD) to 'syn/v_front_porch_reg[9]'
INFO: [Synth 8-3886] merging instance 'syn/v_front_porch_reg[6]' (LD) to 'syn/v_front_porch_reg[9]'
INFO: [Synth 8-3886] merging instance 'syn/v_front_porch_reg[7]' (LD) to 'syn/v_front_porch_reg[9]'
INFO: [Synth 8-3886] merging instance 'syn/v_front_porch_reg[8]' (LD) to 'syn/v_front_porch_reg[9]'
INFO: [Synth 8-3333] propagating constant 0 across sequential element (\syn/v_front_porch_reg[9] )
WARNING: [Synth 8-3332] Sequential element (syn/v_front_porch_reg[9]) is unused and will be removed from module vga.
---------------------------------------------------------------------------------
Finished Cross Boundary and Area Optimization : Time (s): cpu = 00:00:19 ; elapsed = 00:00:20 . Memory (MB): peak = 749.930 ; gain = 508.621
---------------------------------------------------------------------------------
---------------------------------------------------------------------------------
Start ROM, RAM, DSP and Shift Register Reporting
---------------------------------------------------------------------------------

DSP: Preliminary Mapping  Report (see note below)
+------------+------------------------------------+--------+--------+--------+--------+--------+------+------+------+------+-------+------+------+
|Module Name | DSP Mapping                        | A Size | B Size | C Size | D Size | P Size | AREG | BREG | CREG | DREG | ADREG | MREG | PREG | 
+------------+------------------------------------+--------+--------+--------+--------+--------+------+------+------+------+-------+------+------+
|vgaRGB      | A*(B:0x180)                        | 18     | 9      | -      | -      | 27     | 0    | 0    | -    | -    | -     | 0    | 0    | 
|vga         | PCIN+(A:0x0):B2+(C:0xffffffffff37) | 30     | 10     | 9      | -      | -1     | 0    | 1    | 0    | -    | -     | 0    | 1    | 
+------------+------------------------------------+--------+--------+--------+--------+--------+------+------+------+------+-------+------+------+

Note: The table above is a preliminary report that shows the DSPs inferred at the current stage of the synthesis flow. Some DSP may be reimplemented as non DSP primitives later in the synthesis flow. Multiple instantiated DSPs are reported only once.
---------------------------------------------------------------------------------
Finished ROM, RAM, DSP and Shift Register Reporting
---------------------------------------------------------------------------------

Report RTL Partitions: 
+-+--------------+------------+----------+
| |RTL Partition |Replication |Instances |
+-+--------------+------------+----------+
+-+--------------+------------+----------+
---------------------------------------------------------------------------------
Start Applying XDC Timing Constraints
---------------------------------------------------------------------------------
INFO: [Synth 8-5578] Moved timing constraint from pin 'clock/clk_25/clk_25m' to pin 'clock/clk_25/bbstub_clk_25m/O'
INFO: [Synth 8-5578] Moved timing constraint from pin 'clock/clk_25/clk_35m' to pin 'clock/clk_25/bbstub_clk_35m/O'
WARNING: [Synth 8-565] redefining clock 'clk'
INFO: [Synth 8-5578] Moved timing constraint from pin 'clock/clk_35/clk_25m' to pin 'clock/clk_35/bbstub_clk_25m/O'
INFO: [Synth 8-5578] Moved timing constraint from pin 'clock/clk_35/clk_35m' to pin 'clock/clk_35/bbstub_clk_35m/O'
INFO: [Synth 8-5819] Moved 4 constraints on hierarchical pins to their respective driving/loading pins
---------------------------------------------------------------------------------
Finished Applying XDC Timing Constraints : Time (s): cpu = 00:00:33 ; elapsed = 00:00:34 . Memory (MB): peak = 787.613 ; gain = 546.305
---------------------------------------------------------------------------------
---------------------------------------------------------------------------------
Start Timing Optimization
---------------------------------------------------------------------------------
---------------------------------------------------------------------------------
Finished Timing Optimization : Time (s): cpu = 00:00:33 ; elapsed = 00:00:35 . Memory (MB): peak = 811.461 ; gain = 570.152
---------------------------------------------------------------------------------

Report RTL Partitions: 
+-+--------------+------------+----------+
| |RTL Partition |Replication |Instances |
+-+--------------+------------+----------+
+-+--------------+------------+----------+
---------------------------------------------------------------------------------
Start Technology Mapping
---------------------------------------------------------------------------------
---------------------------------------------------------------------------------
Finished Technology Mapping : Time (s): cpu = 00:00:33 ; elapsed = 00:00:35 . Memory (MB): peak = 813.121 ; gain = 571.813
---------------------------------------------------------------------------------

Report RTL Partitions: 
+-+--------------+------------+----------+
| |RTL Partition |Replication |Instances |
+-+--------------+------------+----------+
+-+--------------+------------+----------+
---------------------------------------------------------------------------------
Start IO Insertion
---------------------------------------------------------------------------------
---------------------------------------------------------------------------------
Start Flattening Before IO Insertion
---------------------------------------------------------------------------------
---------------------------------------------------------------------------------
Finished Flattening Before IO Insertion
---------------------------------------------------------------------------------
---------------------------------------------------------------------------------
Start Final Netlist Cleanup
---------------------------------------------------------------------------------
---------------------------------------------------------------------------------
Finished Final Netlist Cleanup
---------------------------------------------------------------------------------
---------------------------------------------------------------------------------
Finished IO Insertion : Time (s): cpu = 00:00:34 ; elapsed = 00:00:36 . Memory (MB): peak = 813.121 ; gain = 571.813
---------------------------------------------------------------------------------

Report Check Netlist: 
+------+------------------+-------+---------+-------+------------------+
|      |Item              |Errors |Warnings |Status |Description       |
+------+------------------+-------+---------+-------+------------------+
|1     |multi_driven_nets |      0|        0|Passed |Multi driven nets |
+------+------------------+-------+---------+-------+------------------+
---------------------------------------------------------------------------------
Start Renaming Generated Instances
---------------------------------------------------------------------------------
---------------------------------------------------------------------------------
Finished Renaming Generated Instances : Time (s): cpu = 00:00:34 ; elapsed = 00:00:36 . Memory (MB): peak = 813.121 ; gain = 571.813
---------------------------------------------------------------------------------

Report RTL Partitions: 
+-+--------------+------------+----------+
| |RTL Partition |Replication |Instances |
+-+--------------+------------+----------+
+-+--------------+------------+----------+
---------------------------------------------------------------------------------
Start Rebuilding User Hierarchy
---------------------------------------------------------------------------------
---------------------------------------------------------------------------------
Finished Rebuilding User Hierarchy : Time (s): cpu = 00:00:34 ; elapsed = 00:00:36 . Memory (MB): peak = 813.121 ; gain = 571.813
---------------------------------------------------------------------------------
---------------------------------------------------------------------------------
Start Renaming Generated Ports
---------------------------------------------------------------------------------
---------------------------------------------------------------------------------
Finished Renaming Generated Ports : Time (s): cpu = 00:00:34 ; elapsed = 00:00:36 . Memory (MB): peak = 813.121 ; gain = 571.813
---------------------------------------------------------------------------------
---------------------------------------------------------------------------------
Start Handling Custom Attributes
---------------------------------------------------------------------------------
---------------------------------------------------------------------------------
Finished Handling Custom Attributes : Time (s): cpu = 00:00:34 ; elapsed = 00:00:36 . Memory (MB): peak = 813.121 ; gain = 571.813
---------------------------------------------------------------------------------
---------------------------------------------------------------------------------
Start Renaming Generated Nets
---------------------------------------------------------------------------------
---------------------------------------------------------------------------------
Finished Renaming Generated Nets : Time (s): cpu = 00:00:34 ; elapsed = 00:00:36 . Memory (MB): peak = 813.121 ; gain = 571.813
---------------------------------------------------------------------------------
---------------------------------------------------------------------------------
Start Writing Synthesis Report
---------------------------------------------------------------------------------

Report BlackBoxes: 
+------+--------------+----------+
|      |BlackBox name |Instances |
+------+--------------+----------+
|1     |clk_VGA       |         2|
|2     |blk_mem_gen_0 |         1|
+------+--------------+----------+

Report Cell Usage: 
+------+--------------+------+
|      |Cell          |Count |
+------+--------------+------+
|1     |blk_mem_gen_0 |     1|
|2     |clk_VGA       |     1|
|3     |clk_VGA__1    |     1|
|4     |BUFG          |     1|
|5     |CARRY4        |    24|
|6     |DSP48E1       |     1|
|7     |DSP48E1_1     |     1|
|8     |LUT1          |    13|
|9     |LUT2          |    33|
|10    |LUT3          |    30|
|11    |LUT4          |    31|
|12    |LUT5          |    51|
|13    |LUT6          |    34|
|14    |FDCE          |    36|
|15    |FDRE          |    33|
|16    |LD            |     4|
|17    |IBUF          |     3|
|18    |OBUF          |    30|
+------+--------------+------+

Report Instance Areas: 
+------+---------+--------+------+
|      |Instance |Module  |Cells |
+------+---------+--------+------+
|1     |top      |        |   341|
|2     |  clock  |clkdiv  |     5|
|3     |  rgb    |vgaRGB  |    29|
|4     |  seg    |seg     |   102|
|5     |  syn    |vgaSync |   171|
+------+---------+--------+------+
---------------------------------------------------------------------------------
Finished Writing Synthesis Report : Time (s): cpu = 00:00:34 ; elapsed = 00:00:36 . Memory (MB): peak = 813.121 ; gain = 571.813
---------------------------------------------------------------------------------
Synthesis finished with 0 errors, 0 critical warnings and 10 warnings.
Synthesis Optimization Runtime : Time (s): cpu = 00:00:23 ; elapsed = 00:00:29 . Memory (MB): peak = 813.121 ; gain = 216.535
Synthesis Optimization Complete : Time (s): cpu = 00:00:35 ; elapsed = 00:00:36 . Memory (MB): peak = 813.121 ; gain = 571.813
INFO: [Project 1-571] Translating synthesized netlist
INFO: [Netlist 29-17] Analyzing 33 Unisim elements for replacement
INFO: [Netlist 29-28] Unisim Transformation completed in 0 CPU seconds
INFO: [Project 1-570] Preparing netlist for logic optimization
INFO: [Opt 31-140] Inserted 1 IBUFs to IO ports without IO buffers.
INFO: [Opt 31-138] Pushed 0 inverter(s) to 0 load pin(s).
INFO: [Project 1-111] Unisim Transformation Summary:
  A total of 4 instances were transformed.
  LD => LDCE: 4 instances

INFO: [Common 17-83] Releasing license: Synthesis
53 Infos, 16 Warnings, 0 Critical Warnings and 0 Errors encountered.
synth_design completed successfully
synth_design: Time (s): cpu = 00:00:37 ; elapsed = 00:00:39 . Memory (MB): peak = 813.121 ; gain = 583.285
INFO: [Common 17-1381] The checkpoint 'E:/GitHub/2019fall_digital_design_project/VGA2.runs/synth_1/vga.dcp' has been generated.
INFO: [runtcl-4] Executing : report_utilization -file vga_utilization_synth.rpt -pb vga_utilization_synth.pb
report_utilization: Time (s): cpu = 00:00:00 ; elapsed = 00:00:00.040 . Memory (MB): peak = 813.121 ; gain = 0.000
INFO: [Common 17-206] Exiting Vivado at Fri Dec 20 17:15:20 2019...
